[debug] > Exec(early(addDefaultCommands), None, None)
[debug] > Exec(addDefaultCommands, None, None)
[debug] > Exec(early(initialize), None, None)
[debug] > Exec(initialize, None, None)
[debug] > Exec(boot, None, None)
[debug] > Exec(writeSbtVersion, None, None)
[debug] > Exec(reload, None, None)
[debug] > Exec(sbtStashOnFailure, None, None)
[debug] > Exec(onFailure loadFailed, None, None)
[debug] > Exec(loadp, None, None)
[info] welcome to sbt 1.4.3 (Oracle Corporation Java 11.0.9)
[debug]       Load.loadUnit: plugins took 320.267393ms
[debug]       Load.loadUnit: defsScala took 0.409918ms
[debug] [Loading] Scanning directory /Users/junghyun/.sbt/1.0/plugins
[debug] [Loading] Found non-root projects 
[debug] [Loading] Done in /Users/junghyun/.sbt/1.0/plugins, returning: ()
[debug] deducing auto plugins based on known facts Set(Atom(sbt.plugins.CorePlugin)) and clauses Clauses(List(Clause(Atom(sbt.plugins.JvmPlugin),Set(Atom(sbt.plugins.IvyPlugin))), Clause(Atom(sbt.ScriptedPlugin),Set(Atom(sbt.plugins.JvmPlugin))), Clause(Atom(sbt.plugins.SbtPlugin),Set(Atom(sbt.ScriptedPlugin))), Clause(Atom(sbt.plugins.SemanticdbPlugin),Set(Atom(sbt.plugins.JvmPlugin))), Clause(Atom(sbt.plugins.JUnitXmlReportPlugin),Set(Atom(sbt.plugins.JvmPlugin))), Clause(Atom(sbt.plugins.MiniDependencyTreePlugin),Set(Atom(sbt.plugins.JvmPlugin))), Clause(Atom(sbt.plugins.CorePlugin),Set(Atom(sbt.plugins.IvyPlugin))), Clause(Atom(sbt.plugins.IvyPlugin),Set(Atom(sbt.plugins.JvmPlugin))), Clause(Atom(sbt.plugins.JvmPlugin),Set(Atom(sbt.plugins.SemanticdbPlugin))), Clause(Atom(sbt.plugins.JvmPlugin),Set(Atom(sbt.plugins.JUnitXmlReportPlugin))), Clause(Atom(sbt.plugins.CorePlugin),Set(Atom(sbt.plugins.Giter8TemplatePlugin))), Clause(Atom(sbt.plugins.JvmPlugin),Set(Atom(sbt.plugins.MiniDependencyTreePlugin)))))
[debug]   :: deduced result: Matched(sbt.plugins.CorePlugin,sbt.plugins.Giter8TemplatePlugin,sbt.plugins.IvyPlugin,sbt.plugins.JvmPlugin,sbt.plugins.MiniDependencyTreePlugin,sbt.plugins.JUnitXmlReportPlugin,sbt.plugins.SemanticdbPlugin)
[debug] Plugins.deducer#function took 48.03383 ms
[debug]           Load.resolveProject(global-plugins) took 129.78952ms
[debug]         Load.loadTransitive: finalizeProject(Project(id global-plugins, base: /Users/junghyun/.sbt/1.0/plugins, plugins: List(<none>))) took 274.682303ms
[debug] [Loading] Done in /Users/junghyun/.sbt/1.0/plugins, returning: (global-plugins)
[debug]       Load.loadUnit: loadedProjectsRaw took 309.528248ms
[debug]       Load.loadUnit: cleanEvalClasses took 0.326135ms
[debug]     Load.loadUnit(file:/Users/junghyun/.sbt/1.0/plugins/, ...) took 644.168359ms
[debug]   Load.apply: load took 1661.297787ms
[debug]   Load.apply: resolveProjects took 27.329681ms
[debug]   Load.apply: finalTransforms took 585.084396ms
[debug]   Load.apply: config.delegates took 112.137153ms
[debug]   Load.apply: Def.make(settings)... took 877.918283ms
[debug]   Load.apply: structureIndex took 495.612093ms
[debug]   Load.apply: mkStreams took 4.976136ms
[info] loading global plugins from /Users/junghyun/.sbt/1.0/plugins
[debug] Running task... Cancel: Signal, check cycles: false, forcegc: true
[warn] sbt-1.4.3.jar no longer exists at /Users/junghyun/Library/Caches/Coursier/v1/https/repo1.maven.org/maven2/org/scala-sbt/sbt/1.4.3/sbt-1.4.3.jar
[debug] Load.defaultLoad until apply took 266064.126967ms
[debug]           Load.loadUnit: plugins took 27.377406ms
[debug]           Load.loadUnit: defsScala took 0.004096ms
[debug] [Loading] Scanning directory /Users/junghyun/studyspace/SparkScalaCourse/project
[debug] [Loading] Found non-root projects 
[debug] [Loading] Done in /Users/junghyun/studyspace/SparkScalaCourse/project, returning: ()
[debug] deducing auto plugins based on known facts Set(Atom(sbt.plugins.CorePlugin)) and clauses Clauses(List(Clause(Atom(sbt.plugins.JvmPlugin),Set(Atom(sbt.plugins.IvyPlugin))), Clause(Atom(sbt.ScriptedPlugin),Set(Atom(sbt.plugins.JvmPlugin))), Clause(Atom(sbt.plugins.SbtPlugin),Set(Atom(sbt.ScriptedPlugin))), Clause(Atom(sbt.plugins.SemanticdbPlugin),Set(Atom(sbt.plugins.JvmPlugin))), Clause(Atom(sbt.plugins.JUnitXmlReportPlugin),Set(Atom(sbt.plugins.JvmPlugin))), Clause(Atom(sbt.plugins.MiniDependencyTreePlugin),Set(Atom(sbt.plugins.JvmPlugin))), Clause(Atom(sbt.plugins.CorePlugin),Set(Atom(sbt.plugins.IvyPlugin))), Clause(Atom(sbt.plugins.IvyPlugin),Set(Atom(sbt.plugins.JvmPlugin))), Clause(Atom(sbt.plugins.JvmPlugin),Set(Atom(sbt.plugins.SemanticdbPlugin))), Clause(Atom(sbt.plugins.JvmPlugin),Set(Atom(sbt.plugins.JUnitXmlReportPlugin))), Clause(Atom(sbt.plugins.CorePlugin),Set(Atom(sbt.plugins.Giter8TemplatePlugin))), Clause(Atom(sbt.plugins.JvmPlugin),Set(Atom(sbt.plugins.MiniDependencyTreePlugin)))))
[debug]   :: deduced result: Matched(sbt.plugins.CorePlugin,sbt.plugins.Giter8TemplatePlugin,sbt.plugins.IvyPlugin,sbt.plugins.JvmPlugin,sbt.plugins.MiniDependencyTreePlugin,sbt.plugins.JUnitXmlReportPlugin,sbt.plugins.SemanticdbPlugin)
[debug] Plugins.deducer#function took 2.344636 ms
[debug]               Load.resolveProject(sparkscalacourse-build) took 1.663795ms
[debug]             Load.loadTransitive: finalizeProject(Project(id sparkscalacourse-build, base: /Users/junghyun/studyspace/SparkScalaCourse/project, plugins: List(<none>))) took 4.567495ms
[debug] [Loading] Done in /Users/junghyun/studyspace/SparkScalaCourse/project, returning: (sparkscalacourse-build)
[debug]           Load.loadUnit: loadedProjectsRaw took 6.976279ms
[debug]           Load.loadUnit: cleanEvalClasses took 0.01376ms
[debug]         Load.loadUnit(file:/Users/junghyun/studyspace/SparkScalaCourse/project/, ...) took 35.149442ms
[debug]       Load.apply: load took 36.814183ms
[debug]       Load.apply: resolveProjects took 0.179644ms
[debug]       Load.apply: finalTransforms took 19.828895ms
[debug]       Load.apply: config.delegates took 0.746097ms
[debug]       Load.apply: Def.make(settings)... took 160.109537ms
[debug]       Load.apply: structureIndex took 47.935096ms
[debug]       Load.apply: mkStreams took 0.003258ms
[info] loading project definition from /Users/junghyun/studyspace/SparkScalaCourse/project
[debug] Running task... Cancel: Signal, check cycles: false, forcegc: true
[debug]     Load.loadUnit: plugins took 707.770728ms
[debug]     Load.loadUnit: defsScala took 0.003754ms
[debug] [Loading] Scanning directory /Users/junghyun/studyspace/SparkScalaCourse
[debug]       Load.loadUnit: mkEval took 12.229452ms
[debug] [Loading] Found non-root projects 
[debug] [Loading] Done in /Users/junghyun/studyspace/SparkScalaCourse, returning: ()
[debug] deducing auto plugins based on known facts Set(Atom(sbt.plugins.CorePlugin)) and clauses Clauses(List(Clause(Atom(sbt.plugins.JvmPlugin),Set(Atom(sbt.plugins.IvyPlugin))), Clause(Atom(sbt.ScriptedPlugin),Set(Atom(sbt.plugins.JvmPlugin))), Clause(Atom(sbt.plugins.SbtPlugin),Set(Atom(sbt.ScriptedPlugin))), Clause(Atom(sbt.plugins.SemanticdbPlugin),Set(Atom(sbt.plugins.JvmPlugin))), Clause(Atom(sbt.plugins.JUnitXmlReportPlugin),Set(Atom(sbt.plugins.JvmPlugin))), Clause(Atom(sbt.plugins.MiniDependencyTreePlugin),Set(Atom(sbt.plugins.JvmPlugin))), Clause(Atom(sbt.plugins.CorePlugin),Set(Atom(sbt.plugins.IvyPlugin))), Clause(Atom(sbt.plugins.IvyPlugin),Set(Atom(sbt.plugins.JvmPlugin))), Clause(Atom(sbt.plugins.JvmPlugin),Set(Atom(sbt.plugins.SemanticdbPlugin))), Clause(Atom(sbt.plugins.JvmPlugin),Set(Atom(sbt.plugins.JUnitXmlReportPlugin))), Clause(Atom(sbt.plugins.CorePlugin),Set(Atom(sbt.plugins.Giter8TemplatePlugin))), Clause(Atom(sbt.plugins.JvmPlugin),Set(Atom(sbt.plugins.MiniDependencyTreePlugin)))))
[debug]   :: deduced result: Matched(sbt.plugins.CorePlugin,sbt.plugins.Giter8TemplatePlugin,sbt.plugins.IvyPlugin,sbt.plugins.JvmPlugin,sbt.plugins.MiniDependencyTreePlugin,sbt.plugins.JUnitXmlReportPlugin,sbt.plugins.SemanticdbPlugin)
[debug] Plugins.deducer#function took 1.912067 ms
[info] loading settings for project sparkscalacourse from build.sbt ...
[debug]         Load.resolveProject(sparkscalacourse) took 21.129373ms
[debug]       Load.loadTransitive: finalizeProject(Project(id sparkscalacourse, base: /Users/junghyun/studyspace/SparkScalaCourse, plugins: List(<none>))) took 26.275055ms
[debug] [Loading] Done in /Users/junghyun/studyspace/SparkScalaCourse, returning: (sparkscalacourse)
[debug]     Load.loadUnit: loadedProjectsRaw took 6646.760328ms
[debug]     Load.loadUnit: cleanEvalClasses took 14.912279ms
[debug]   Load.loadUnit(file:/Users/junghyun/studyspace/SparkScalaCourse/, ...) took 7370.231452ms
[debug] Load.apply: load took 7373.892106ms
[debug] Load.apply: resolveProjects took 0.129139ms
[debug] Load.apply: finalTransforms took 30.611709ms
[debug] Load.apply: config.delegates took 0.510845ms
[debug] Load.apply: Def.make(settings)... took 182.40199ms
[debug] Load.apply: structureIndex took 39.609365ms
[debug] Load.apply: mkStreams took 0.003682ms
[info] set current project to SparkScalaCourse (in build file:/Users/junghyun/studyspace/SparkScalaCourse/)
[debug] > Exec(sbtPopOnFailure, None, None)
[debug] > Exec(resumeFromFailure, None, None)
[debug] > Exec(notifyUsersAboutShell, None, None)
[debug] > Exec(iflast shell, None, None)
[debug] > Exec(shell, None, None)
[info] sbt server started at local:///Users/junghyun/.sbt/1.0/server/bd1efe3b86d275a9a07f/sock
[info] started sbt server
