[debug] > Exec(;set _root_.scala.collection.Seq(historyPath := None,shellPrompt := { _ => "" },SettingKey[_root_.scala.Option[_root_.sbt.File]]("sbtStructureOutputFile") in _root_.sbt.Global := _root_.scala.Some(_root_.sbt.file("/private/var/folders/_j/88h_2ghs18x2j7tdlgz600wh0000gn/T/sbt-structure.xml")),SettingKey[_root_.java.lang.String]("sbtStructureOptions") in _root_.sbt.Global := "download, resolveClassifiers");apply -cp "/Users/junghyun/Library/Application Support/JetBrains/IntelliJIdea2020.3/plugins/Scala/repo/org.jetbrains/sbt-structure-extractor/scala_2.12/sbt_1.0/2020.3/jars/sbt-structure-extractor.jar" org.jetbrains.sbt.CreateTasks;*/*:dumpStructure, Some(3f7ca96a-5192-4e4f-bf86-c4228d9848da), Some(CommandSource(console0)))
[debug] > Exec(set _root_.scala.collection.Seq(historyPath := None,shellPrompt := { _ => "" },SettingKey[_root_.scala.Option[_root_.sbt.File]]("sbtStructureOutputFile") in _root_.sbt.Global := _root_.scala.Some(_root_.sbt.file("/private/var/folders/_j/88h_2ghs18x2j7tdlgz600wh0000gn/T/sbt-structure.xml")),SettingKey[_root_.java.lang.String]("sbtStructureOptions") in _root_.sbt.Global := "download, resolveClassifiers"), None, Some(CommandSource(console0)))
[info] Defining Global / sbtStructureOptions, Global / sbtStructureOutputFile and 1 others.
[info] The new values will be used by cleanKeepGlobs
[info] 	Run `last` for details.
[debug] Defining 
[debug] 	Global / sbtStructureOptions
[debug] 	Global / sbtStructureOutputFile
[debug] 	history
[debug] 	shellPrompt
[debug] 
[debug] The new values will be used by 
[debug] 	cleanKeepGlobs
[info] Reapplying settings...
[info] set current project to SparkScalaCourse (in build file:/Users/junghyun/studyspace/SparkScalaCourse/)
[debug] > Exec(apply -cp "/Users/junghyun/Library/Application Support/JetBrains/IntelliJIdea2020.3/plugins/Scala/repo/org.jetbrains/sbt-structure-extractor/scala_2.12/sbt_1.0/2020.3/jars/sbt-structure-extractor.jar" org.jetbrains.sbt.CreateTasks, None, Some(CommandSource(console0)))
[info] Applying State transformations org.jetbrains.sbt.CreateTasks from /Users/junghyun/Library/Application Support/JetBrains/IntelliJIdea2020.3/plugins/Scala/repo/org.jetbrains/sbt-structure-extractor/scala_2.12/sbt_1.0/2020.3/jars/sbt-structure-extractor.jar
[info] Reapplying settings...
[info] set current project to SparkScalaCourse (in build file:/Users/junghyun/studyspace/SparkScalaCourse/)
[debug] > Exec(*/*:dumpStructure, None, Some(CommandSource(console0)))
[debug] Evaluating tasks: Global / dumpStructure
[debug] Running task... Cancel: Signal, check cycles: false, forcegc: true
[warn] spark-core_2.12-3.0.0.jar no longer exists at /Users/junghyun/Library/Caches/Coursier/v1/https/repo1.maven.org/maven2/org/apache/spark/spark-core_2.12/3.0.0/spark-core_2.12-3.0.0.jar
[warn] There may be incompatibilities among your library dependencies; run 'evicted' to see detailed eviction warnings.
[warn] scala-library-2.12.12-sources.jar no longer exists at /Users/junghyun/Library/Caches/Coursier/v1/https/repo1.maven.org/maven2/org/scala-lang/scala-library/2.12.12/scala-library-2.12.12-sources.jar
[info] shutting down sbt server
